<?xml version="1.0" encoding="UTF-8"?>
<!-- Generated by org.testng.reporters.JUnitReportReporter -->
<testsuite hostname="ASCINLAP61474" failures="0" tests="1" name="com.nykaa.tests.NykaaShoppingTest" time="83.018" errors="0" timestamp="2025-10-29T21:10:33 IST" skipped="0">
  <testcase classname="com.nykaa.tests.NykaaShoppingTest" name="testNykaaShoppingFlow" time="83.018"/>
</testsuite> <!-- com.nykaa.tests.NykaaShoppingTest -->
